14-Feb-2024 09:42:17.471 INFO [main] org.apache.catalina.startup.VersionLoggerListener.log 서버 버전 이름:    Apache Tomcat/9.0.85
14-Feb-2024 09:42:17.475 INFO [main] org.apache.catalina.startup.VersionLoggerListener.log Server 빌드 시각:  Jan 5 2024 08:28:07 UTC
14-Feb-2024 09:42:17.475 INFO [main] org.apache.catalina.startup.VersionLoggerListener.log Server 버전 번호:  9.0.85.0
14-Feb-2024 09:42:17.476 INFO [main] org.apache.catalina.startup.VersionLoggerListener.log 운영체제 이름:     Windows 10
14-Feb-2024 09:42:17.476 INFO [main] org.apache.catalina.startup.VersionLoggerListener.log 운영체제 버전:     10.0
14-Feb-2024 09:42:17.476 INFO [main] org.apache.catalina.startup.VersionLoggerListener.log 아키텍처:          amd64
14-Feb-2024 09:42:17.476 INFO [main] org.apache.catalina.startup.VersionLoggerListener.log 자바 홈:           C:\Program Files\Java\jdk-11
14-Feb-2024 09:42:17.476 INFO [main] org.apache.catalina.startup.VersionLoggerListener.log JVM 버전:          11.0.21+9-LTS-193
14-Feb-2024 09:42:17.476 INFO [main] org.apache.catalina.startup.VersionLoggerListener.log JVM 벤더:          Oracle Corporation
14-Feb-2024 09:42:17.476 INFO [main] org.apache.catalina.startup.VersionLoggerListener.log CATALINA_BASE:     C:\LDH\jpatest
14-Feb-2024 09:42:17.476 INFO [main] org.apache.catalina.startup.VersionLoggerListener.log CATALINA_HOME:     C:\Users\DW\Downloads\apache-tomcat-9.0.85\apache-tomcat-9.0.85
14-Feb-2024 09:42:17.493 INFO [main] org.apache.catalina.startup.VersionLoggerListener.log 명령 행 아규먼트:  --add-opens=java.base/java.lang=ALL-UNNAMED
14-Feb-2024 09:42:17.494 INFO [main] org.apache.catalina.startup.VersionLoggerListener.log 명령 행 아규먼트:  --add-opens=java.base/java.io=ALL-UNNAMED
14-Feb-2024 09:42:17.494 INFO [main] org.apache.catalina.startup.VersionLoggerListener.log 명령 행 아규먼트:  --add-opens=java.base/java.util=ALL-UNNAMED
14-Feb-2024 09:42:17.494 INFO [main] org.apache.catalina.startup.VersionLoggerListener.log 명령 행 아규먼트:  --add-opens=java.base/java.util.concurrent=ALL-UNNAMED
14-Feb-2024 09:42:17.494 INFO [main] org.apache.catalina.startup.VersionLoggerListener.log 명령 행 아규먼트:  --add-opens=java.rmi/sun.rmi.transport=ALL-UNNAMED
14-Feb-2024 09:42:17.494 INFO [main] org.apache.catalina.startup.VersionLoggerListener.log 명령 행 아규먼트:  -Dcatalina.home=C:\Users\DW\Downloads\apache-tomcat-9.0.85\apache-tomcat-9.0.85
14-Feb-2024 09:42:17.494 INFO [main] org.apache.catalina.startup.VersionLoggerListener.log 명령 행 아규먼트:  -Dcatalina.base=C:\LDH\jpatest
14-Feb-2024 09:42:17.494 INFO [main] org.apache.catalina.startup.VersionLoggerListener.log 명령 행 아규먼트:  -Djava.io.tmpdir=C:\LDH\jpatest\temp
14-Feb-2024 09:42:17.495 INFO [main] org.apache.catalina.startup.VersionLoggerListener.log 명령 행 아규먼트:  -Djava.util.logging.config.file=C:\LDH\jpatest\conf\logging.properties
14-Feb-2024 09:42:17.495 INFO [main] org.apache.catalina.startup.VersionLoggerListener.log 명령 행 아규먼트:  -Djava.util.logging.manager=org.apache.juli.ClassLoaderLogManager
14-Feb-2024 09:42:17.495 INFO [main] org.apache.catalina.startup.VersionLoggerListener.log 명령 행 아규먼트:  -javaagent:C:\Program Files\JetBrains\IntelliJ IDEA Community Edition 2023.3.3\lib\idea_rt.jar=50989:C:\Program Files\JetBrains\IntelliJ IDEA Community Edition 2023.3.3\bin
14-Feb-2024 09:42:17.495 INFO [main] org.apache.catalina.startup.VersionLoggerListener.log 명령 행 아규먼트:  -Dfile.encoding=UTF-8
14-Feb-2024 09:42:17.509 INFO [main] org.apache.catalina.core.AprLifecycleListener.lifecycleEvent 프로덕션 환경들에서 최적의 성능을 제공하는, APR 기반 Apache Tomcat Native 라이브러리가, 다음 java.library.path에서 발견되지 않습니다: [C:\Program Files\Java\jdk-11\bin;C:\WINDOWS\Sun\Java\bin;C:\WINDOWS\system32;C:\WINDOWS;C:\Program Files\Common Files\Oracle\Java\javapath;C:\WINDOWS\system32;C:\WINDOWS;C:\WINDOWS\System32\Wbem;C:\WINDOWS\System32\WindowsPowerShell\v1.0\;C:\WINDOWS\System32\OpenSSH\;C:\Program Files\Git\cmd;C:\Program Files\Bandizip\;C:\Users\DW\AppData\Local\Microsoft\WindowsApps;;C:\Users\DW\AppData\Local\Programs\Microsoft VS Code\bin;.]
14-Feb-2024 09:42:17.959 INFO [main] org.apache.coyote.AbstractProtocol.init 프로토콜 핸들러 ["http-nio-8080"]을(를) 초기화합니다.
14-Feb-2024 09:42:17.997 INFO [main] org.apache.catalina.startup.Catalina.load [937] 밀리초 내에 서버가 초기화되었습니다.
14-Feb-2024 09:42:18.119 INFO [main] org.apache.catalina.core.StandardService.startInternal 서비스 [Catalina]을(를) 시작합니다.
14-Feb-2024 09:42:18.120 INFO [main] org.apache.catalina.core.StandardEngine.startInternal 서버 엔진을 시작합니다: [Apache Tomcat/9.0.85]
14-Feb-2024 09:42:18.139 INFO [main] org.apache.catalina.startup.HostConfig.deployDescriptor 배치 descriptor [C:\LDH\jpatest\conf\Catalina\localhost\ROOT.xml]을(를) 배치합니다.
14-Feb-2024 09:42:18.504 INFO [main] org.apache.jasper.servlet.TldScanner.scanJars 적어도 하나의 JAR가 TLD들을 찾기 위해 스캔되었으나 아무 것도 찾지 못했습니다. 스캔했으나 TLD가 없는 JAR들의 전체 목록을 보시려면, 로그 레벨을 디버그 레벨로 설정하십시오. 스캔 과정에서 불필요한 JAR들을 건너뛰면, 시스템 시작 시간과 JSP 컴파일 시간을 단축시킬 수 있습니다.
14-Feb-2024 09:42:18.812 INFO [main] org.apache.catalina.startup.HostConfig.deployDescriptor 배치 descriptor [C:\LDH\jpatest\conf\Catalina\localhost\ROOT.xml]의 배치가 [673] 밀리초 내에 완료되었습니다.
14-Feb-2024 09:42:18.816 INFO [main] org.apache.coyote.AbstractProtocol.start 프로토콜 핸들러 ["http-nio-8080"]을(를) 시작합니다.
14-Feb-2024 09:42:18.875 INFO [main] org.apache.catalina.startup.Catalina.start 서버가 [878] 밀리초 내에 시작되었습니다.
14-Feb-2024 10:10:38.738 INFO [Thread-1] org.apache.coyote.AbstractProtocol.pause 프로토콜 핸들러 ["http-nio-8080"]을(를) 일시 정지 중
14-Feb-2024 10:10:38.782 INFO [Thread-1] org.apache.catalina.core.StandardService.stopInternal 서비스 [Catalina]을(를) 중지시킵니다.
14-Feb-2024 10:10:38.795 INFO [Thread-1] org.apache.coyote.AbstractProtocol.stop 프로토콜 핸들러 ["http-nio-8080"]을(를) 중지시킵니다.
14-Feb-2024 10:10:38.821 INFO [Thread-1] org.apache.coyote.AbstractProtocol.destroy 프로토콜 핸들러 ["http-nio-8080"]을(를) 소멸시킵니다.
14-Feb-2024 17:24:04.775 INFO [main] org.apache.catalina.startup.VersionLoggerListener.log 서버 버전 이름:    Apache Tomcat/9.0.85
14-Feb-2024 17:24:04.777 INFO [main] org.apache.catalina.startup.VersionLoggerListener.log Server 빌드 시각:  Jan 5 2024 08:28:07 UTC
14-Feb-2024 17:24:04.778 INFO [main] org.apache.catalina.startup.VersionLoggerListener.log Server 버전 번호:  9.0.85.0
14-Feb-2024 17:24:04.778 INFO [main] org.apache.catalina.startup.VersionLoggerListener.log 운영체제 이름:     Windows 10
14-Feb-2024 17:24:04.778 INFO [main] org.apache.catalina.startup.VersionLoggerListener.log 운영체제 버전:     10.0
14-Feb-2024 17:24:04.778 INFO [main] org.apache.catalina.startup.VersionLoggerListener.log 아키텍처:          amd64
14-Feb-2024 17:24:04.778 INFO [main] org.apache.catalina.startup.VersionLoggerListener.log 자바 홈:           C:\Program Files\Java\jdk-11
14-Feb-2024 17:24:04.778 INFO [main] org.apache.catalina.startup.VersionLoggerListener.log JVM 버전:          11.0.21+9-LTS-193
14-Feb-2024 17:24:04.778 INFO [main] org.apache.catalina.startup.VersionLoggerListener.log JVM 벤더:          Oracle Corporation
14-Feb-2024 17:24:04.778 INFO [main] org.apache.catalina.startup.VersionLoggerListener.log CATALINA_BASE:     C:\LDH\jpatest
14-Feb-2024 17:24:04.778 INFO [main] org.apache.catalina.startup.VersionLoggerListener.log CATALINA_HOME:     C:\Users\DW\Downloads\apache-tomcat-9.0.85\apache-tomcat-9.0.85
14-Feb-2024 17:24:04.788 INFO [main] org.apache.catalina.startup.VersionLoggerListener.log 명령 행 아규먼트:  --add-opens=java.base/java.lang=ALL-UNNAMED
14-Feb-2024 17:24:04.789 INFO [main] org.apache.catalina.startup.VersionLoggerListener.log 명령 행 아규먼트:  --add-opens=java.base/java.io=ALL-UNNAMED
14-Feb-2024 17:24:04.789 INFO [main] org.apache.catalina.startup.VersionLoggerListener.log 명령 행 아규먼트:  --add-opens=java.base/java.util=ALL-UNNAMED
14-Feb-2024 17:24:04.789 INFO [main] org.apache.catalina.startup.VersionLoggerListener.log 명령 행 아규먼트:  --add-opens=java.base/java.util.concurrent=ALL-UNNAMED
14-Feb-2024 17:24:04.789 INFO [main] org.apache.catalina.startup.VersionLoggerListener.log 명령 행 아규먼트:  --add-opens=java.rmi/sun.rmi.transport=ALL-UNNAMED
14-Feb-2024 17:24:04.789 INFO [main] org.apache.catalina.startup.VersionLoggerListener.log 명령 행 아규먼트:  -Dcatalina.home=C:\Users\DW\Downloads\apache-tomcat-9.0.85\apache-tomcat-9.0.85
14-Feb-2024 17:24:04.789 INFO [main] org.apache.catalina.startup.VersionLoggerListener.log 명령 행 아규먼트:  -Dcatalina.base=C:\LDH\jpatest
14-Feb-2024 17:24:04.789 INFO [main] org.apache.catalina.startup.VersionLoggerListener.log 명령 행 아규먼트:  -Djava.io.tmpdir=C:\LDH\jpatest\temp
14-Feb-2024 17:24:04.789 INFO [main] org.apache.catalina.startup.VersionLoggerListener.log 명령 행 아규먼트:  -Djava.util.logging.config.file=C:\LDH\jpatest\conf\logging.properties
14-Feb-2024 17:24:04.790 INFO [main] org.apache.catalina.startup.VersionLoggerListener.log 명령 행 아규먼트:  -Djava.util.logging.manager=org.apache.juli.ClassLoaderLogManager
14-Feb-2024 17:24:04.790 INFO [main] org.apache.catalina.startup.VersionLoggerListener.log 명령 행 아규먼트:  -javaagent:C:\Program Files\JetBrains\IntelliJ IDEA Community Edition 2023.3.3\lib\idea_rt.jar=61427:C:\Program Files\JetBrains\IntelliJ IDEA Community Edition 2023.3.3\bin
14-Feb-2024 17:24:04.790 INFO [main] org.apache.catalina.startup.VersionLoggerListener.log 명령 행 아규먼트:  -Dfile.encoding=UTF-8
14-Feb-2024 17:24:04.797 INFO [main] org.apache.catalina.core.AprLifecycleListener.lifecycleEvent 프로덕션 환경들에서 최적의 성능을 제공하는, APR 기반 Apache Tomcat Native 라이브러리가, 다음 java.library.path에서 발견되지 않습니다: [C:\Program Files\Java\jdk-11\bin;C:\WINDOWS\Sun\Java\bin;C:\WINDOWS\system32;C:\WINDOWS;C:\Program Files\Common Files\Oracle\Java\javapath;C:\WINDOWS\system32;C:\WINDOWS;C:\WINDOWS\System32\Wbem;C:\WINDOWS\System32\WindowsPowerShell\v1.0\;C:\WINDOWS\System32\OpenSSH\;C:\Program Files\Git\cmd;C:\Program Files\Bandizip\;C:\Users\DW\AppData\Local\Microsoft\WindowsApps;;C:\Users\DW\AppData\Local\Programs\Microsoft VS Code\bin;.]
14-Feb-2024 17:24:05.096 INFO [main] org.apache.coyote.AbstractProtocol.init 프로토콜 핸들러 ["http-nio-8080"]을(를) 초기화합니다.
14-Feb-2024 17:24:05.106 SEVERE [main] org.apache.catalina.util.LifecycleBase.handleSubClassException 구성요소 [Connector["http-nio-8080"]]을(를) 초기화하지 못했습니다.
	org.apache.catalina.LifecycleException: 프로토콜 핸들러 초기화가 실패했습니다.
		at org.apache.catalina.connector.Connector.initInternal(Connector.java:1011)
		at org.apache.catalina.util.LifecycleBase.init(LifecycleBase.java:127)
		at org.apache.catalina.core.StandardService.initInternal(StandardService.java:554)
		at org.apache.catalina.util.LifecycleBase.init(LifecycleBase.java:127)
		at org.apache.catalina.core.StandardServer.initInternal(StandardServer.java:1039)
		at org.apache.catalina.util.LifecycleBase.init(LifecycleBase.java:127)
		at org.apache.catalina.startup.Catalina.load(Catalina.java:724)
		at org.apache.catalina.startup.Catalina.load(Catalina.java:746)
		at java.base/jdk.internal.reflect.NativeMethodAccessorImpl.invoke0(Native Method)
		at java.base/jdk.internal.reflect.NativeMethodAccessorImpl.invoke(NativeMethodAccessorImpl.java:62)
		at java.base/jdk.internal.reflect.DelegatingMethodAccessorImpl.invoke(DelegatingMethodAccessorImpl.java:43)
		at java.base/java.lang.reflect.Method.invoke(Method.java:566)
		at org.apache.catalina.startup.Bootstrap.load(Bootstrap.java:307)
		at org.apache.catalina.startup.Bootstrap.main(Bootstrap.java:477)
	Caused by: java.net.BindException: Address already in use: bind
		at java.base/sun.nio.ch.Net.bind0(Native Method)
		at java.base/sun.nio.ch.Net.bind(Net.java:459)
		at java.base/sun.nio.ch.Net.bind(Net.java:448)
		at java.base/sun.nio.ch.ServerSocketChannelImpl.bind(ServerSocketChannelImpl.java:227)
		at org.apache.tomcat.util.net.NioEndpoint.initServerSocket(NioEndpoint.java:276)
		at org.apache.tomcat.util.net.NioEndpoint.bind(NioEndpoint.java:231)
		at org.apache.tomcat.util.net.AbstractEndpoint.bindWithCleanup(AbstractEndpoint.java:1332)
		at org.apache.tomcat.util.net.AbstractEndpoint.init(AbstractEndpoint.java:1345)
		at org.apache.coyote.AbstractProtocol.init(AbstractProtocol.java:654)
		at org.apache.coyote.http11.AbstractHttp11Protocol.init(AbstractHttp11Protocol.java:75)
		at org.apache.catalina.connector.Connector.initInternal(Connector.java:1009)
		... 13 more
14-Feb-2024 17:24:05.107 INFO [main] org.apache.catalina.startup.Catalina.load [575] 밀리초 내에 서버가 초기화되었습니다.
14-Feb-2024 17:24:05.164 INFO [main] org.apache.catalina.core.StandardService.startInternal 서비스 [Catalina]을(를) 시작합니다.
14-Feb-2024 17:24:05.164 INFO [main] org.apache.catalina.core.StandardEngine.startInternal 서버 엔진을 시작합니다: [Apache Tomcat/9.0.85]
14-Feb-2024 17:24:05.174 INFO [main] org.apache.catalina.startup.HostConfig.deployDescriptor 배치 descriptor [C:\LDH\jpatest\conf\Catalina\localhost\ROOT.xml]을(를) 배치합니다.
14-Feb-2024 17:24:05.608 INFO [main] org.apache.jasper.servlet.TldScanner.scanJars 적어도 하나의 JAR가 TLD들을 찾기 위해 스캔되었으나 아무 것도 찾지 못했습니다. 스캔했으나 TLD가 없는 JAR들의 전체 목록을 보시려면, 로그 레벨을 디버그 레벨로 설정하십시오. 스캔 과정에서 불필요한 JAR들을 건너뛰면, 시스템 시작 시간과 JSP 컴파일 시간을 단축시킬 수 있습니다.
14-Feb-2024 17:24:05.704 INFO [main] org.apache.catalina.startup.HostConfig.deployDescriptor 배치 descriptor [C:\LDH\jpatest\conf\Catalina\localhost\ROOT.xml]의 배치가 [529] 밀리초 내에 완료되었습니다.
14-Feb-2024 17:24:05.708 INFO [main] org.apache.catalina.startup.Catalina.start 서버가 [600] 밀리초 내에 시작되었습니다.
14-Feb-2024 17:29:27.560 INFO [Thread-1] org.apache.coyote.AbstractProtocol.pause 프로토콜 핸들러 ["http-nio-8080"]을(를) 일시 정지 중
14-Feb-2024 17:29:27.561 INFO [Thread-1] org.apache.catalina.core.StandardService.stopInternal 서비스 [Catalina]을(를) 중지시킵니다.
14-Feb-2024 17:29:27.577 INFO [Thread-1] org.apache.coyote.AbstractProtocol.stop 프로토콜 핸들러 ["http-nio-8080"]을(를) 중지시킵니다.
14-Feb-2024 17:29:27.578 INFO [Thread-1] org.apache.coyote.AbstractProtocol.destroy 프로토콜 핸들러 ["http-nio-8080"]을(를) 소멸시킵니다.
